Microsoft (R) Macro Assembler Version 14.41.34120.0	    12/11/25 19:08:04
asm04.asm						     Page 1 - 1


				.586P
				.MODEL FLAT, STDCALL
				includelib kernel32.lib
				ExitProcess PROTO : DWORD
				.STACK 4096
 00000000			.DATA

 00000000 0000000A		INT_VAL 	 SDWORD 10
 00000004 0000000D		UINT_LIT 	 DWORD 13
 00000000			.CODE
 00000000			main PROC
 00000000  A1 00000000 R	mov EAX, INT_VAL
 00000005  8B 1D 00000004 R	mov EBX, UINT_LIT
 0000000B  6A 00		push 0
 0000000D  E8 00000000 E	call ExitProcess
 00000012			main ENDP
				END main
Microsoft (R) Macro Assembler Version 14.41.34120.0	    12/11/25 19:08:04
asm04.asm						     Symbols 2 - 1




Segments and Groups:

                N a m e                 Size     Length   Align   Combine Class

FLAT . . . . . . . . . . . . . .	GROUP
STACK  . . . . . . . . . . . . .	32 Bit	 00001000 Para	  Stack	  'STACK'	 
_DATA  . . . . . . . . . . . . .	32 Bit	 00000008 Para	  Public  'DATA'	
_TEXT  . . . . . . . . . . . . .	32 Bit	 00000012 Para	  Public  'CODE'	


Procedures, parameters, and locals:

                N a m e                 Type     Value    Attr

ExitProcess  . . . . . . . . . .	P Near	 00000000 FLAT	Length= 00000000 External STDCALL
main . . . . . . . . . . . . . .	P Near	 00000000 _TEXT	Length= 00000012 Public STDCALL


Symbols:

                N a m e                 Type     Value    Attr

@CodeSize  . . . . . . . . . . .	Number	 00000000h   
@DataSize  . . . . . . . . . . .	Number	 00000000h   
@Interface . . . . . . . . . . .	Number	 00000003h   
@Model . . . . . . . . . . . . .	Number	 00000007h   
@code  . . . . . . . . . . . . .	Text   	 _TEXT
@data  . . . . . . . . . . . . .	Text   	 FLAT
@fardata?  . . . . . . . . . . .	Text   	 FLAT
@fardata . . . . . . . . . . . .	Text   	 FLAT
@stack . . . . . . . . . . . . .	Text   	 FLAT
INT_VAL  . . . . . . . . . . . .	DWord	 00000000 _DATA	
UINT_LIT . . . . . . . . . . . .	DWord	 00000004 _DATA	

	   0 Warnings
	   0 Errors
