Microsoft (R) Macro Assembler Version 14.41.34120.0	    11/27/25 18:55:40
							     First Pass 1 - 1


				.586P
				.MODEL FLAT, STDCALL
				includelib kernel32.lib
				includelib user32.lib
				
				ExitProcess PROTO : DWORD
				MessageBoxA PROTO : DWORD, : DWORD, : DWORD, : DWORD
				
				.STACK 4096
				
 00000000			.CONST
				
 00000000			.DATA
				MB_OK EQU 0
				a DB 2
				b DB 4
				STR1 DB "СУММА", 0	
				RESULT DB "Результат сложения = < >", 0
				HW DD ?
				
 00000000			.CODE
				
 00000000			main PROC
				START:
				
					mov al, a
					add al, b
					add al, 30h
					mov RESULT+3, al
					INVOKE MessageBoxA, HW, OFFSET RESULT, OFFSET STR1, MB_OK
				
					push -1
					call ExitProcess
 0000003C			main ENDP
				
				end main
Microsoft (R) Macro Assembler Version 14.41.34120.0	    11/27/25 18:55:40
asm2.asm						     Page 1 - 1


				.586P
				.MODEL FLAT, STDCALL
				includelib kernel32.lib
				includelib user32.lib

				ExitProcess PROTO : DWORD
				MessageBoxA PROTO : DWORD, : DWORD, : DWORD, : DWORD

				.STACK 4096

 00000000			.CONST

 00000000			.DATA
 = 00000000			MB_OK EQU 0
 00000000 02			a DB 2
 00000001 04			b DB 4
 00000002 D1 D3 CC CC C0	STR1 DB "СУММА", 0	
	   00
 00000008 D0 E5 E7 F3 EB	RESULT DB "Результат сложения = < >", 0
	   FC F2 E0 F2 20
	   F1 EB EE E6 E5
	   ED E8 FF 20 3D
	   20 3C 20 3E 00
 00000021 00000000		HW DD ?

 00000000			.CODE

 00000000			main PROC
 00000000			START:

 00000000  A0 00000000 R		mov al, a
 00000005  02 05 00000001 R		add al, b
 0000000B  04 30			add al, 30h
 0000000D  A2 0000000B R		mov RESULT+3, al
					INVOKE MessageBoxA, HW, OFFSET RESULT, OFFSET STR1, MB_OK
 00000012  6A 00	   *	    push   +000000000h
 00000014  68 00000002 R   *	    push   dword  ptr OFFSET FLAT: STR1
 00000019  68 00000008 R   *	    push   dword  ptr OFFSET FLAT: RESULT
 0000001E  FF 35 00000021 R *	    push   HW
 00000024  E8 00000000 E   *	    call   MessageBoxA

 00000029  6A FF			push -1
 0000002B  E8 00000000 E		call ExitProcess
 00000030			main ENDP

				end main
Microsoft (R) Macro Assembler Version 14.41.34120.0	    11/27/25 18:55:40
asm2.asm						     Symbols 2 - 1




Segments and Groups:

                N a m e                 Size     Length   Align   Combine Class

CONST  . . . . . . . . . . . . .	32 Bit	 00000000 Para	  Public  'CONST'	 ReadOnly
FLAT . . . . . . . . . . . . . .	GROUP
STACK  . . . . . . . . . . . . .	32 Bit	 00001000 Para	  Stack	  'STACK'	 
_DATA  . . . . . . . . . . . . .	32 Bit	 00000025 Para	  Public  'DATA'	
_TEXT  . . . . . . . . . . . . .	32 Bit	 00000030 Para	  Public  'CODE'	


Procedures, parameters, and locals:

                N a m e                 Type     Value    Attr

ExitProcess  . . . . . . . . . .	P Near	 00000000 FLAT	Length= 00000000 External STDCALL
MessageBoxA  . . . . . . . . . .	P Near	 00000000 FLAT	Length= 00000000 External STDCALL
main . . . . . . . . . . . . . .	P Near	 00000000 _TEXT	Length= 00000030 Public STDCALL
  START  . . . . . . . . . . . .	L Near	 00000000 _TEXT	


Symbols:

                N a m e                 Type     Value    Attr

@CodeSize  . . . . . . . . . . .	Number	 00000000h   
@DataSize  . . . . . . . . . . .	Number	 00000000h   
@Interface . . . . . . . . . . .	Number	 00000003h   
@Model . . . . . . . . . . . . .	Number	 00000007h   
@code  . . . . . . . . . . . . .	Text   	 _TEXT
@data  . . . . . . . . . . . . .	Text   	 FLAT
@fardata?  . . . . . . . . . . .	Text   	 FLAT
@fardata . . . . . . . . . . . .	Text   	 FLAT
@stack . . . . . . . . . . . . .	Text   	 FLAT
HW . . . . . . . . . . . . . . .	DWord	 00000021 _DATA	
MB_OK  . . . . . . . . . . . . .	Number	 00000000h   
RESULT . . . . . . . . . . . . .	Byte	 00000008 _DATA	
STR1 . . . . . . . . . . . . . .	Byte	 00000002 _DATA	
a  . . . . . . . . . . . . . . .	Byte	 00000000 _DATA	
b  . . . . . . . . . . . . . . .	Byte	 00000001 _DATA	

	   0 Warnings
	   0 Errors
